<?xml version="1.0" encoding="UTF-8"?>
<testng-results skipped="0" failed="0" total="1" passed="1">
  <reporter-output>
  </reporter-output>
  <suite name="Default suite" duration-ms="15382" started-at="2018-07-30T06:49:33Z" finished-at="2018-07-30T06:49:48Z">
    <groups>
    </groups>
    <test name="Default test" duration-ms="15382" started-at="2018-07-30T06:49:33Z" finished-at="2018-07-30T06:49:48Z">
      <class name="test.GridTest">
        <test-method status="PASS" signature="beforeTest()[pri:0, instance:test.GridTest@91161c7]" name="beforeTest" is-config="true" duration-ms="11147" started-at="2018-07-30T12:19:33Z" finished-at="2018-07-30T12:19:44Z">
          <reporter-output>
          </reporter-output>
        </test-method> <!-- beforeTest -->
        <test-method status="PASS" signature="openurl()[pri:0, instance:test.GridTest@91161c7]" name="openurl" duration-ms="4200" started-at="2018-07-30T12:19:44Z" finished-at="2018-07-30T12:19:48Z">
          <reporter-output>
          </reporter-output>
        </test-method> <!-- openurl -->
      </class> <!-- test.GridTest -->
    </test> <!-- Default test -->
  </suite> <!-- Default suite -->
</testng-results>
