<?xml version="1.0" encoding="UTF-8"?>
<!-- Generated by org.testng.reporters.JUnitXMLReporter -->
<testsuite hostname="P4A-508SD4R" name="Test" tests="2" failures="1" timestamp="24 Jul 2018 07:17:01 GMT" time="0.652" errors="0">
  <testcase name="LoginInValid" time="0.036" classname="utility.LoginTest">
    <failure type="java.lang.AssertionError" message="expected [Tested123] but found [Tested]">
      <![CDATA[java.lang.AssertionError: expected [Tested123] but found [Tested]
	at utility.LoginTest.LoginInValid(LoginTest.java:19)
... Removed 29 stack frames]]>
    </failure>
  </testcase> <!-- LoginInValid -->
  <testcase name="LoginValid" time="0.003" classname="utility.LoginTest"/>
</testsuite> <!-- Test -->
