<?xml version="1.0" encoding="UTF-8"?>
<!-- Generated by org.testng.reporters.JUnitXMLReporter -->
<testsuite hostname="P4A-508SD4R" name="Test2" tests="2" failures="1" timestamp="25 Jul 2018 06:45:10 GMT" time="0.045" errors="0">
  <testcase name="LoginInValid" time="0.01" classname="utility.LoginTest">
    <failure type="java.lang.AssertionError" message="expected [Tested123] but found [Tested]">
      <![CDATA[java.lang.AssertionError: expected [Tested123] but found [Tested]
	at utility.LoginTest.LoginInValid(LoginTest.java:19)
... Removed 29 stack frames]]>
    </failure>
  </testcase> <!-- LoginInValid -->
  <testcase name="LoginValid" time="0.004" classname="utility.LoginTest"/>
</testsuite> <!-- Test2 -->
